Analysis & Synthesis report for DHT11
Mon Aug 15 18:27:33 2016
Quartus II Version 9.1 Build 350 03/24/2010 Service Pack 2 SJ Web Edition


---------------------
; Table of Contents ;
---------------------
  1. Legal Notice
  2. Analysis & Synthesis Summary
  3. Analysis & Synthesis Settings
  4. Parallel Compilation
  5. Analysis & Synthesis Source Files Read
  6. Analysis & Synthesis Resource Usage Summary
  7. Analysis & Synthesis Resource Utilization by Entity
  8. User-Specified and Inferred Latches
  9. Registers Removed During Synthesis
 10. General Register Statistics
 11. Multiplexer Restructuring Statistics (Restructuring Performed)
 12. Analysis & Synthesis Messages



----------------
; Legal Notice ;
----------------
Copyright (C) 1991-2010 Altera Corporation
Your use of Altera Corporation's design tools, logic functions 
and other software and tools, and its AMPP partner logic 
functions, and any output files from any of the foregoing 
(including device programming or simulation files), and any 
associated documentation or information are expressly subject 
to the terms and conditions of the Altera Program License 
Subscription Agreement, Altera MegaCore Function License 
Agreement, or other applicable license agreement, including, 
without limitation, that your use is for the sole purpose of 
programming logic devices manufactured by Altera and sold by 
Altera or its authorized distributors.  Please refer to the 
applicable agreement for further details.



+-----------------------------------------------------------------------------------+
; Analysis & Synthesis Summary                                                      ;
+------------------------------------+----------------------------------------------+
; Analysis & Synthesis Status        ; Successful - Mon Aug 15 18:27:33 2016        ;
; Quartus II Version                 ; 9.1 Build 350 03/24/2010 SP 2 SJ Web Edition ;
; Revision Name                      ; DHT11                                        ;
; Top-level Entity Name              ; DHT11                                        ;
; Family                             ; Cyclone III                                  ;
; Total logic elements               ; 229                                          ;
;     Total combinational functions  ; 196                                          ;
;     Dedicated logic registers      ; 147                                          ;
; Total registers                    ; 147                                          ;
; Total pins                         ; 31                                           ;
; Total virtual pins                 ; 0                                            ;
; Total memory bits                  ; 0                                            ;
; Embedded Multiplier 9-bit elements ; 0                                            ;
; Total PLLs                         ; 0                                            ;
+------------------------------------+----------------------------------------------+


+----------------------------------------------------------------------------------------------------------------------+
; Analysis & Synthesis Settings                                                                                        ;
+----------------------------------------------------------------------------+--------------------+--------------------+
; Option                                                                     ; Setting            ; Default Value      ;
+----------------------------------------------------------------------------+--------------------+--------------------+
; Device                                                                     ; EP3C16Q240C8       ;                    ;
; Top-level entity name                                                      ; DHT11              ; DHT11              ;
; Family name                                                                ; Cyclone III        ; Stratix II         ;
; Use Generated Physical Constraints File                                    ; Off                ;                    ;
; Use smart compilation                                                      ; Off                ; Off                ;
; Enable parallel Assembler and TimeQuest Timing Analyzer during compilation ; On                 ; On                 ;
; Enable compact report table                                                ; Off                ; Off                ;
; Restructure Multiplexers                                                   ; Auto               ; Auto               ;
; Create Debugging Nodes for IP Cores                                        ; Off                ; Off                ;
; Preserve fewer node names                                                  ; On                 ; On                 ;
; Disable OpenCore Plus hardware evaluation                                  ; Off                ; Off                ;
; Verilog Version                                                            ; Verilog_2001       ; Verilog_2001       ;
; VHDL Version                                                               ; VHDL_1993          ; VHDL_1993          ;
; State Machine Processing                                                   ; Auto               ; Auto               ;
; Safe State Machine                                                         ; Off                ; Off                ;
; Extract Verilog State Machines                                             ; On                 ; On                 ;
; Extract VHDL State Machines                                                ; On                 ; On                 ;
; Ignore Verilog initial constructs                                          ; Off                ; Off                ;
; Iteration limit for constant Verilog loops                                 ; 5000               ; 5000               ;
; Iteration limit for non-constant Verilog loops                             ; 250                ; 250                ;
; Add Pass-Through Logic to Inferred RAMs                                    ; On                 ; On                 ;
; Parallel Synthesis                                                         ; On                 ; On                 ;
; DSP Block Balancing                                                        ; Auto               ; Auto               ;
; NOT Gate Push-Back                                                         ; On                 ; On                 ;
; Power-Up Don't Care                                                        ; On                 ; On                 ;
; Remove Redundant Logic Cells                                               ; Off                ; Off                ;
; Remove Duplicate Registers                                                 ; On                 ; On                 ;
; Ignore CARRY Buffers                                                       ; Off                ; Off                ;
; Ignore CASCADE Buffers                                                     ; Off                ; Off                ;
; Ignore GLOBAL Buffers                                                      ; Off                ; Off                ;
; Ignore ROW GLOBAL Buffers                                                  ; Off                ; Off                ;
; Ignore LCELL Buffers                                                       ; Off                ; Off                ;
; Ignore SOFT Buffers                                                        ; On                 ; On                 ;
; Limit AHDL Integers to 32 Bits                                             ; Off                ; Off                ;
; Optimization Technique                                                     ; Balanced           ; Balanced           ;
; Carry Chain Length                                                         ; 70                 ; 70                 ;
; Auto Carry Chains                                                          ; On                 ; On                 ;
; Auto Open-Drain Pins                                                       ; On                 ; On                 ;
; Perform WYSIWYG Primitive Resynthesis                                      ; Off                ; Off                ;
; Auto ROM Replacement                                                       ; On                 ; On                 ;
; Auto RAM Replacement                                                       ; On                 ; On                 ;
; Auto DSP Block Replacement                                                 ; On                 ; On                 ;
; Auto Shift Register Replacement                                            ; Auto               ; Auto               ;
; Auto Clock Enable Replacement                                              ; On                 ; On                 ;
; Strict RAM Replacement                                                     ; Off                ; Off                ;
; Allow Synchronous Control Signals                                          ; On                 ; On                 ;
; Force Use of Synchronous Clear Signals                                     ; Off                ; Off                ;
; Auto RAM Block Balancing                                                   ; On                 ; On                 ;
; Auto RAM to Logic Cell Conversion                                          ; Off                ; Off                ;
; Auto Resource Sharing                                                      ; Off                ; Off                ;
; Allow Any RAM Size For Recognition                                         ; Off                ; Off                ;
; Allow Any ROM Size For Recognition                                         ; Off                ; Off                ;
; Allow Any Shift Register Size For Recognition                              ; Off                ; Off                ;
; Use LogicLock Constraints during Resource Balancing                        ; On                 ; On                 ;
; Ignore translate_off and synthesis_off directives                          ; Off                ; Off                ;
; Timing-Driven Synthesis                                                    ; On                 ; On                 ;
; Show Parameter Settings Tables in Synthesis Report                         ; On                 ; On                 ;
; Ignore Maximum Fan-Out Assignments                                         ; Off                ; Off                ;
; Synchronization Register Chain Length                                      ; 2                  ; 2                  ;
; PowerPlay Power Optimization                                               ; Normal compilation ; Normal compilation ;
; HDL message level                                                          ; Level2             ; Level2             ;
; Suppress Register Optimization Related Messages                            ; Off                ; Off                ;
; Number of Removed Registers Reported in Synthesis Report                   ; 5000               ; 5000               ;
; Number of Inverted Registers Reported in Synthesis Report                  ; 100                ; 100                ;
; Clock MUX Protection                                                       ; On                 ; On                 ;
; Auto Gated Clock Conversion                                                ; Off                ; Off                ;
; Block Design Naming                                                        ; Auto               ; Auto               ;
; SDC constraint protection                                                  ; Off                ; Off                ;
; Synthesis Effort                                                           ; Auto               ; Auto               ;
; Shift Register Replacement - Allow Asynchronous Clear Signal               ; On                 ; On                 ;
; Analysis & Synthesis Message Level                                         ; Medium             ; Medium             ;
; Disable Register Merging Across Hierarchies                                ; Auto               ; Auto               ;
; Resource Aware Inference For Block RAM                                     ; On                 ; On                 ;
+----------------------------------------------------------------------------+--------------------+--------------------+


Parallel compilation was disabled, but you have multiple processors available. Enable parallel compilation to reduce compilation time.
+-------------------------------------+
; Parallel Compilation                ;
+----------------------------+--------+
; Processors                 ; Number ;
+----------------------------+--------+
; Number detected on machine ; 4      ;
; Maximum allowed            ; 1      ;
+----------------------------+--------+


+---------------------------------------------------------------------------------------------------------------------------------+
; Analysis & Synthesis Source Files Read                                                                                          ;
+----------------------------------+-----------------+-----------------+----------------------------------------------------------+
; File Name with User-Entered Path ; Used in Netlist ; File Type       ; File Name with Absolute Path                             ;
+----------------------------------+-----------------+-----------------+----------------------------------------------------------+
; DHT11.vhd                        ; yes             ; User VHDL File  ; D:/105年選手日誌/技藝競賽第一題/DHT11 七段顯示/DHT11.vhd ;
+----------------------------------+-----------------+-----------------+----------------------------------------------------------+


+--------------------------------------------------------+
; Analysis & Synthesis Resource Usage Summary            ;
+---------------------------------------------+----------+
; Resource                                    ; Usage    ;
+---------------------------------------------+----------+
; Estimated Total logic elements              ; 229      ;
;                                             ;          ;
; Total combinational functions               ; 196      ;
; Logic element usage by number of LUT inputs ;          ;
;     -- 4 input functions                    ; 71       ;
;     -- 3 input functions                    ; 31       ;
;     -- <=2 input functions                  ; 94       ;
;                                             ;          ;
; Logic elements by mode                      ;          ;
;     -- normal mode                          ; 133      ;
;     -- arithmetic mode                      ; 63       ;
;                                             ;          ;
; Total registers                             ; 147      ;
;     -- Dedicated logic registers            ; 147      ;
;     -- I/O registers                        ; 0        ;
;                                             ;          ;
; I/O pins                                    ; 31       ;
; Maximum fan-out node                        ; CK~input ;
; Maximum fan-out                             ; 137      ;
; Total fan-out                               ; 1149     ;
; Average fan-out                             ; 2.83     ;
+---------------------------------------------+----------+


+-----------------------------------------------------------------------------------------------------------------------------------------------------------------------------+
; Analysis & Synthesis Resource Utilization by Entity                                                                                                                         ;
+----------------------------+-------------------+--------------+-------------+--------------+---------+-----------+------+--------------+---------------------+--------------+
; Compilation Hierarchy Node ; LC Combinationals ; LC Registers ; Memory Bits ; DSP Elements ; DSP 9x9 ; DSP 18x18 ; Pins ; Virtual Pins ; Full Hierarchy Name ; Library Name ;
+----------------------------+-------------------+--------------+-------------+--------------+---------+-----------+------+--------------+---------------------+--------------+
; |DHT11                     ; 196 (196)         ; 147 (147)    ; 0           ; 0            ; 0       ; 0         ; 31   ; 0            ; |DHT11              ; work         ;
+----------------------------+-------------------+--------------+-------------+--------------+---------+-----------+------+--------------+---------------------+--------------+
Note: For table entries with two numbers listed, the numbers in parentheses indicate the number of resources of the given type used by the specific entity alone. The numbers listed outside of parentheses indicate the total resources of the given type used by the specific entity and all of its sub-entities in the hierarchy.


+---------------------------------------------------------------------------------------------------+
; User-Specified and Inferred Latches                                                               ;
+----------------------------------------------------+---------------------+------------------------+
; Latch Name                                         ; Latch Enable Signal ; Free of Timing Hazards ;
+----------------------------------------------------+---------------------+------------------------+
; SEGOUT[1]$latch                                    ; SEGOUT[0]           ; yes                    ;
; SEGOUT[2]$latch                                    ; SEGOUT[0]           ; yes                    ;
; SEGOUT[3]$latch                                    ; SEGOUT[0]           ; yes                    ;
; SEGOUT[4]$latch                                    ; SEGOUT[0]           ; yes                    ;
; SEGOUT[5]$latch                                    ; SEGOUT[0]           ; yes                    ;
; SEGOUT[6]$latch                                    ; SEGOUT[0]           ; yes                    ;
; SEGOUT[7]$latch                                    ; SEGOUT[0]           ; yes                    ;
; Number of user-specified and inferred latches = 7  ;                     ;                        ;
+----------------------------------------------------+---------------------+------------------------+
Note: All latches listed above may not be present at the end of synthesis due to various synthesis optimizations.


+--------------------------------------------------------------------------------+
; Registers Removed During Synthesis                                             ;
+---------------------------------------+----------------------------------------+
; Register name                         ; Reason for Removal                     ;
+---------------------------------------+----------------------------------------+
; DHTL~reg0                             ; Stuck at GND due to stuck port data_in ;
; CLK[15..20]                           ; Lost fanout                            ;
; Total Number of Removed Registers = 7 ;                                        ;
+---------------------------------------+----------------------------------------+


+------------------------------------------------------+
; General Register Statistics                          ;
+----------------------------------------------+-------+
; Statistic                                    ; Value ;
+----------------------------------------------+-------+
; Total registers                              ; 147   ;
; Number of registers using Synchronous Clear  ; 43    ;
; Number of registers using Synchronous Load   ; 17    ;
; Number of registers using Asynchronous Clear ; 53    ;
; Number of registers using Asynchronous Load  ; 0     ;
; Number of registers using Clock Enable       ; 125   ;
; Number of registers using Preset             ; 0     ;
+----------------------------------------------+-------+


+------------------------------------------------------------------------------------------------------------------------------------------+
; Multiplexer Restructuring Statistics (Restructuring Performed)                                                                           ;
+--------------------+-----------+---------------+----------------------+------------------------+------------+----------------------------+
; Multiplexer Inputs ; Bus Width ; Baseline Area ; Area if Restructured ; Saving if Restructured ; Registered ; Example Multiplexer Output ;
+--------------------+-----------+---------------+----------------------+------------------------+------------+----------------------------+
; 4:1                ; 4 bits    ; 8 LEs         ; 8 LEs                ; 0 LEs                  ; Yes        ; |DHT11|SEGCHANG[1]         ;
; 3:1                ; 4 bits    ; 8 LEs         ; 4 LEs                ; 4 LEs                  ; Yes        ; |DHT11|CHAC[1]             ;
; 3:1                ; 4 bits    ; 8 LEs         ; 4 LEs                ; 4 LEs                  ; Yes        ; |DHT11|CHAD[1]             ;
; 4:1                ; 8 bits    ; 16 LEs        ; 8 LEs                ; 8 LEs                  ; Yes        ; |DHT11|HDB[1]              ;
; 4:1                ; 8 bits    ; 16 LEs        ; 8 LEs                ; 8 LEs                  ; Yes        ; |DHT11|TPB[2]              ;
; 10:1               ; 6 bits    ; 36 LEs        ; 6 LEs                ; 30 LEs                 ; Yes        ; |DHT11|i[0]                ;
; 12:1               ; 26 bits   ; 208 LEs       ; 26 LEs               ; 182 LEs                ; Yes        ; |DHT11|COT[20]             ;
+--------------------+-----------+---------------+----------------------+------------------------+------------+----------------------------+


+-------------------------------+
; Analysis & Synthesis Messages ;
+-------------------------------+
Info: *******************************************************************
Info: Running Quartus II Analysis & Synthesis
    Info: Version 9.1 Build 350 03/24/2010 Service Pack 2 SJ Web Edition
    Info: Processing started: Mon Aug 15 18:27:31 2016
Info: Command: quartus_map --read_settings_files=on --write_settings_files=off DHT11 -c DHT11
Info: Found 2 design units, including 1 entities, in source file dht11.vhd
    Info: Found design unit 1: DHT11-A
    Info: Found entity 1: DHT11
Info: Elaborating entity "DHT11" for the top level hierarchy
Warning (10492): VHDL Process Statement warning at DHT11.vhd(38): signal "RESET" is read inside the Process Statement but isn't in the Process Statement's sensitivity list
Warning (10492): VHDL Process Statement warning at DHT11.vhd(109): signal "CK1" is read inside the Process Statement but isn't in the Process Statement's sensitivity list
Warning (10492): VHDL Process Statement warning at DHT11.vhd(119): signal "SEGCHANG" is read inside the Process Statement but isn't in the Process Statement's sensitivity list
Warning (10631): VHDL Process Statement warning at DHT11.vhd(35): inferring latch(es) for signal or variable "SEGOUT", which holds its previous value in one or more paths through the process
Warning (10034): Output port "LED2" at DHT11.vhd(9) has no driver
Info (10041): Inferred latch for "SEGOUT[0]" at DHT11.vhd(35)
Info (10041): Inferred latch for "SEGOUT[1]" at DHT11.vhd(35)
Info (10041): Inferred latch for "SEGOUT[2]" at DHT11.vhd(35)
Info (10041): Inferred latch for "SEGOUT[3]" at DHT11.vhd(35)
Info (10041): Inferred latch for "SEGOUT[4]" at DHT11.vhd(35)
Info (10041): Inferred latch for "SEGOUT[5]" at DHT11.vhd(35)
Info (10041): Inferred latch for "SEGOUT[6]" at DHT11.vhd(35)
Info (10041): Inferred latch for "SEGOUT[7]" at DHT11.vhd(35)
Warning: Latch SEGOUT[1]$latch has unsafe behavior
    Warning: Ports D and ENA on the latch are fed by the same signal SEGCHANG[1]
Warning: Latch SEGOUT[2]$latch has unsafe behavior
    Warning: Ports D and ENA on the latch are fed by the same signal SEGCHANG[1]
Warning: Latch SEGOUT[3]$latch has unsafe behavior
    Warning: Ports D and ENA on the latch are fed by the same signal SEGCHANG[2]
Warning: Latch SEGOUT[4]$latch has unsafe behavior
    Warning: Ports D and ENA on the latch are fed by the same signal SEGCHANG[1]
Warning: Latch SEGOUT[5]$latch has unsafe behavior
    Warning: Ports D and ENA on the latch are fed by the same signal SEGCHANG[2]
Warning: Latch SEGOUT[6]$latch has unsafe behavior
    Warning: Ports D and ENA on the latch are fed by the same signal SEGCHANG[2]
Warning: Latch SEGOUT[7]$latch has unsafe behavior
    Warning: Ports D and ENA on the latch are fed by the same signal SEGCHANG[1]
Warning: Output pins are stuck at VCC or GND
    Warning (13410): Pin "LED2[0]" is stuck at GND
    Warning (13410): Pin "LED2[1]" is stuck at GND
    Warning (13410): Pin "LED2[2]" is stuck at GND
    Warning (13410): Pin "LED2[3]" is stuck at GND
    Warning (13410): Pin "LED2[4]" is stuck at GND
    Warning (13410): Pin "LED2[5]" is stuck at GND
    Warning (13410): Pin "LED2[6]" is stuck at GND
    Warning (13410): Pin "LED2[7]" is stuck at GND
    Warning (13410): Pin "SEGOUT[0]" is stuck at VCC
Info: Timing-Driven Synthesis is running
Info: 6 registers lost all their fanouts during netlist optimizations. The first 6 are displayed below.
    Info: Register "CLK[15]" lost all its fanouts during netlist optimizations.
    Info: Register "CLK[16]" lost all its fanouts during netlist optimizations.
    Info: Register "CLK[17]" lost all its fanouts during netlist optimizations.
    Info: Register "CLK[18]" lost all its fanouts during netlist optimizations.
    Info: Register "CLK[19]" lost all its fanouts during netlist optimizations.
    Info: Register "CLK[20]" lost all its fanouts during netlist optimizations.
Info: Implemented 260 device resources after synthesis - the final resource count might be different
    Info: Implemented 2 input pins
    Info: Implemented 28 output pins
    Info: Implemented 1 bidirectional pins
    Info: Implemented 229 logic cells
Info: Quartus II Analysis & Synthesis was successful. 0 errors, 29 warnings
    Info: Peak virtual memory: 231 megabytes
    Info: Processing ended: Mon Aug 15 18:27:33 2016
    Info: Elapsed time: 00:00:02
    Info: Total CPU time (on all processors): 00:00:01


