Flow report for pwm_comet
Thu Mar 17 22:17:03 2016
Quartus II 64-Bit Version 10.1 Build 153 11/29/2010 SJ Web Edition


---------------------
; Table of Contents ;
---------------------
  1. Legal Notice
  2. Flow Summary
  3. Flow Settings
  4. Flow Non-Default Global Settings
  5. Flow Elapsed Time
  6. Flow OS Summary
  7. Flow Log



----------------
; Legal Notice ;
----------------
Copyright (C) 1991-2010 Altera Corporation
Your use of Altera Corporation's design tools, logic functions 
and other software and tools, and its AMPP partner logic 
functions, and any output files from any of the foregoing 
(including device programming or simulation files), and any 
associated documentation or information are expressly subject 
to the terms and conditions of the Altera Program License 
Subscription Agreement, Altera MegaCore Function License 
Agreement, or other applicable license agreement, including, 
without limitation, that your use is for the sole purpose of 
programming logic devices manufactured by Altera and sold by 
Altera or its authorized distributors.  Please refer to the 
applicable agreement for further details.



+-------------------------------------------------------------------------------+
; Flow Summary                                                                  ;
+------------------------------------+------------------------------------------+
; Flow Status                        ; Successful - Thu Mar 17 22:16:58 2016    ;
; Quartus II 64-Bit Version          ; 10.1 Build 153 11/29/2010 SJ Web Edition ;
; Revision Name                      ; pwm_comet                                ;
; Top-level Entity Name              ; pwm_comet                                ;
; Family                             ; Cyclone III                              ;
; Device                             ; EP3C10E144C8                             ;
; Timing Models                      ; Final                                    ;
; Total logic elements               ; 54 / 10,320 ( < 1 % )                    ;
;     Total combinational functions  ; 54 / 10,320 ( < 1 % )                    ;
;     Dedicated logic registers      ; 39 / 10,320 ( < 1 % )                    ;
; Total registers                    ; 39                                       ;
; Total pins                         ; 12 / 95 ( 13 % )                         ;
; Total virtual pins                 ; 0                                        ;
; Total memory bits                  ; 0 / 423,936 ( 0 % )                      ;
; Embedded Multiplier 9-bit elements ; 0 / 46 ( 0 % )                           ;
; Total PLLs                         ; 0 / 2 ( 0 % )                            ;
+------------------------------------+------------------------------------------+


+-----------------------------------------+
; Flow Settings                           ;
+-------------------+---------------------+
; Option            ; Setting             ;
+-------------------+---------------------+
; Start date & time ; 03/17/2016 22:16:47 ;
; Main task         ; Compilation         ;
; Revision Name     ; pwm_comet           ;
+-------------------+---------------------+


+-----------------------------------------------------------------------------------------------------------------------------------------+
; Flow Non-Default Global Settings                                                                                                        ;
+-------------------------------------+----------------------------------------------------+---------------+-------------+----------------+
; Assignment Name                     ; Value                                              ; Default Value ; Entity Name ; Section Id     ;
+-------------------------------------+----------------------------------------------------+---------------+-------------+----------------+
; COMPILER_SIGNATURE_ID               ; 277807419126491.145822420704756                    ; --            ; --          ; --             ;
; MAX_CORE_JUNCTION_TEMP              ; 85                                                 ; --            ; --          ; --             ;
; MIN_CORE_JUNCTION_TEMP              ; 0                                                  ; --            ; --          ; --             ;
; MISC_FILE                           ; I:/個人/學校/VHDL_S/school/pwm_comet/pwm_comet.dpf ; --            ; --          ; --             ;
; MISC_FILE                           ; F:/VHDL_S/school/pwm_comet/pwm_comet.dpf           ; --            ; --          ; --             ;
; MISC_FILE                           ; H:/VHDL_S/school/pwm/pwm_comet/pwm_comet.dpf       ; --            ; --          ; --             ;
; PARTITION_COLOR                     ; 16764057                                           ; --            ; --          ; Top            ;
; PARTITION_FITTER_PRESERVATION_LEVEL ; PLACEMENT_AND_ROUTING                              ; --            ; --          ; Top            ;
; PARTITION_NETLIST_TYPE              ; SOURCE                                             ; --            ; --          ; Top            ;
; USE_GENERATED_PHYSICAL_CONSTRAINTS  ; Off                                                ; --            ; --          ; eda_blast_fpga ;
+-------------------------------------+----------------------------------------------------+---------------+-------------+----------------+


+-------------------------------------------------------------------------------------------------------------------------------+
; Flow Elapsed Time                                                                                                             ;
+---------------------------+--------------+-------------------------+---------------------+------------------------------------+
; Module Name               ; Elapsed Time ; Average Processors Used ; Peak Virtual Memory ; Total CPU Time (on all processors) ;
+---------------------------+--------------+-------------------------+---------------------+------------------------------------+
; Analysis & Synthesis      ; 00:00:02     ; 1.0                     ; 395 MB              ; 00:00:01                           ;
; Fitter                    ; 00:00:03     ; 1.0                     ; 474 MB              ; 00:00:03                           ;
; Assembler                 ; 00:00:01     ; 1.0                     ; 331 MB              ; 00:00:01                           ;
; TimeQuest Timing Analyzer ; 00:00:06     ; 1.0                     ; 382 MB              ; 00:00:02                           ;
; Total                     ; 00:00:12     ; --                      ; --                  ; 00:00:07                           ;
+---------------------------+--------------+-------------------------+---------------------+------------------------------------+


+----------------------------------------------------------------------------------------+
; Flow OS Summary                                                                        ;
+---------------------------+------------------+-----------+------------+----------------+
; Module Name               ; Machine Hostname ; OS Name   ; OS Version ; Processor type ;
+---------------------------+------------------+-----------+------------+----------------+
; Analysis & Synthesis      ; BOSS-1504031214  ; Windows 7 ; 6.2        ; x86_64         ;
; Fitter                    ; BOSS-1504031214  ; Windows 7 ; 6.2        ; x86_64         ;
; Assembler                 ; BOSS-1504031214  ; Windows 7 ; 6.2        ; x86_64         ;
; TimeQuest Timing Analyzer ; BOSS-1504031214  ; Windows 7 ; 6.2        ; x86_64         ;
+---------------------------+------------------+-----------+------------+----------------+


------------
; Flow Log ;
------------
quartus_map --read_settings_files=on --write_settings_files=off pwm_comet -c pwm_comet
quartus_fit --read_settings_files=off --write_settings_files=off pwm_comet -c pwm_comet
quartus_asm --read_settings_files=off --write_settings_files=off pwm_comet -c pwm_comet
quartus_sta pwm_comet -c pwm_comet



