Analysis & Synthesis report for Helicopter
Fri Jul 14 16:59:52 2017
Quartus II Version 9.1 Build 350 03/24/2010 Service Pack 2 SJ Web Edition


---------------------
; Table of Contents ;
---------------------
  1. Legal Notice
  2. Analysis & Synthesis Summary
  3. Analysis & Synthesis Settings
  4. Parallel Compilation
  5. Analysis & Synthesis Source Files Read
  6. Analysis & Synthesis Resource Usage Summary
  7. Analysis & Synthesis Resource Utilization by Entity
  8. Registers Removed During Synthesis
  9. Removed Registers Triggering Further Register Optimizations
 10. General Register Statistics
 11. Multiplexer Restructuring Statistics (Restructuring Performed)
 12. Parameter Settings for Inferred Entity Instance: lpm_divide:Div0
 13. Analysis & Synthesis Messages



----------------
; Legal Notice ;
----------------
Copyright (C) 1991-2010 Altera Corporation
Your use of Altera Corporation's design tools, logic functions 
and other software and tools, and its AMPP partner logic 
functions, and any output files from any of the foregoing 
(including device programming or simulation files), and any 
associated documentation or information are expressly subject 
to the terms and conditions of the Altera Program License 
Subscription Agreement, Altera MegaCore Function License 
Agreement, or other applicable license agreement, including, 
without limitation, that your use is for the sole purpose of 
programming logic devices manufactured by Altera and sold by 
Altera or its authorized distributors.  Please refer to the 
applicable agreement for further details.



+-----------------------------------------------------------------------------------+
; Analysis & Synthesis Summary                                                      ;
+------------------------------------+----------------------------------------------+
; Analysis & Synthesis Status        ; Successful - Fri Jul 14 16:59:52 2017        ;
; Quartus II Version                 ; 9.1 Build 350 03/24/2010 SP 2 SJ Web Edition ;
; Revision Name                      ; Helicopter                                   ;
; Top-level Entity Name              ; Helicopter                                   ;
; Family                             ; Cyclone III                                  ;
; Total logic elements               ; 789                                          ;
;     Total combinational functions  ; 789                                          ;
;     Dedicated logic registers      ; 254                                          ;
; Total registers                    ; 254                                          ;
; Total pins                         ; 27                                           ;
; Total virtual pins                 ; 0                                            ;
; Total memory bits                  ; 0                                            ;
; Embedded Multiplier 9-bit elements ; 0                                            ;
; Total PLLs                         ; 0                                            ;
+------------------------------------+----------------------------------------------+


+----------------------------------------------------------------------------------------------------------------------+
; Analysis & Synthesis Settings                                                                                        ;
+----------------------------------------------------------------------------+--------------------+--------------------+
; Option                                                                     ; Setting            ; Default Value      ;
+----------------------------------------------------------------------------+--------------------+--------------------+
; Device                                                                     ; EP3C16Q240C8       ;                    ;
; Top-level entity name                                                      ; Helicopter         ; Helicopter         ;
; Family name                                                                ; Cyclone III        ; Stratix II         ;
; Use Generated Physical Constraints File                                    ; Off                ;                    ;
; Use smart compilation                                                      ; Off                ; Off                ;
; Enable parallel Assembler and TimeQuest Timing Analyzer during compilation ; On                 ; On                 ;
; Enable compact report table                                                ; Off                ; Off                ;
; Restructure Multiplexers                                                   ; Auto               ; Auto               ;
; Create Debugging Nodes for IP Cores                                        ; Off                ; Off                ;
; Preserve fewer node names                                                  ; On                 ; On                 ;
; Disable OpenCore Plus hardware evaluation                                  ; Off                ; Off                ;
; Verilog Version                                                            ; Verilog_2001       ; Verilog_2001       ;
; VHDL Version                                                               ; VHDL_1993          ; VHDL_1993          ;
; State Machine Processing                                                   ; Auto               ; Auto               ;
; Safe State Machine                                                         ; Off                ; Off                ;
; Extract Verilog State Machines                                             ; On                 ; On                 ;
; Extract VHDL State Machines                                                ; On                 ; On                 ;
; Ignore Verilog initial constructs                                          ; Off                ; Off                ;
; Iteration limit for constant Verilog loops                                 ; 5000               ; 5000               ;
; Iteration limit for non-constant Verilog loops                             ; 250                ; 250                ;
; Add Pass-Through Logic to Inferred RAMs                                    ; On                 ; On                 ;
; Parallel Synthesis                                                         ; On                 ; On                 ;
; DSP Block Balancing                                                        ; Auto               ; Auto               ;
; NOT Gate Push-Back                                                         ; On                 ; On                 ;
; Power-Up Don't Care                                                        ; On                 ; On                 ;
; Remove Redundant Logic Cells                                               ; Off                ; Off                ;
; Remove Duplicate Registers                                                 ; On                 ; On                 ;
; Ignore CARRY Buffers                                                       ; Off                ; Off                ;
; Ignore CASCADE Buffers                                                     ; Off                ; Off                ;
; Ignore GLOBAL Buffers                                                      ; Off                ; Off                ;
; Ignore ROW GLOBAL Buffers                                                  ; Off                ; Off                ;
; Ignore LCELL Buffers                                                       ; Off                ; Off                ;
; Ignore SOFT Buffers                                                        ; On                 ; On                 ;
; Limit AHDL Integers to 32 Bits                                             ; Off                ; Off                ;
; Optimization Technique                                                     ; Balanced           ; Balanced           ;
; Carry Chain Length                                                         ; 70                 ; 70                 ;
; Auto Carry Chains                                                          ; On                 ; On                 ;
; Auto Open-Drain Pins                                                       ; On                 ; On                 ;
; Perform WYSIWYG Primitive Resynthesis                                      ; Off                ; Off                ;
; Auto ROM Replacement                                                       ; On                 ; On                 ;
; Auto RAM Replacement                                                       ; On                 ; On                 ;
; Auto DSP Block Replacement                                                 ; On                 ; On                 ;
; Auto Shift Register Replacement                                            ; Auto               ; Auto               ;
; Auto Clock Enable Replacement                                              ; On                 ; On                 ;
; Strict RAM Replacement                                                     ; Off                ; Off                ;
; Allow Synchronous Control Signals                                          ; On                 ; On                 ;
; Force Use of Synchronous Clear Signals                                     ; Off                ; Off                ;
; Auto RAM Block Balancing                                                   ; On                 ; On                 ;
; Auto RAM to Logic Cell Conversion                                          ; Off                ; Off                ;
; Auto Resource Sharing                                                      ; Off                ; Off                ;
; Allow Any RAM Size For Recognition                                         ; Off                ; Off                ;
; Allow Any ROM Size For Recognition                                         ; Off                ; Off                ;
; Allow Any Shift Register Size For Recognition                              ; Off                ; Off                ;
; Use LogicLock Constraints during Resource Balancing                        ; On                 ; On                 ;
; Ignore translate_off and synthesis_off directives                          ; Off                ; Off                ;
; Timing-Driven Synthesis                                                    ; On                 ; On                 ;
; Show Parameter Settings Tables in Synthesis Report                         ; On                 ; On                 ;
; Ignore Maximum Fan-Out Assignments                                         ; Off                ; Off                ;
; Synchronization Register Chain Length                                      ; 2                  ; 2                  ;
; PowerPlay Power Optimization                                               ; Normal compilation ; Normal compilation ;
; HDL message level                                                          ; Level2             ; Level2             ;
; Suppress Register Optimization Related Messages                            ; Off                ; Off                ;
; Number of Removed Registers Reported in Synthesis Report                   ; 5000               ; 5000               ;
; Number of Inverted Registers Reported in Synthesis Report                  ; 100                ; 100                ;
; Clock MUX Protection                                                       ; On                 ; On                 ;
; Auto Gated Clock Conversion                                                ; Off                ; Off                ;
; Block Design Naming                                                        ; Auto               ; Auto               ;
; SDC constraint protection                                                  ; Off                ; Off                ;
; Synthesis Effort                                                           ; Auto               ; Auto               ;
; Shift Register Replacement - Allow Asynchronous Clear Signal               ; On                 ; On                 ;
; Analysis & Synthesis Message Level                                         ; Medium             ; Medium             ;
; Disable Register Merging Across Hierarchies                                ; Auto               ; Auto               ;
; Resource Aware Inference For Block RAM                                     ; On                 ; On                 ;
+----------------------------------------------------------------------------+--------------------+--------------------+


Parallel compilation was disabled, but you have multiple processors available. Enable parallel compilation to reduce compilation time.
+-------------------------------------+
; Parallel Compilation                ;
+----------------------------+--------+
; Processors                 ; Number ;
+----------------------------+--------+
; Number detected on machine ; 4      ;
; Maximum allowed            ; 1      ;
+----------------------------+--------+


+-------------------------------------------------------------------------------------------------------------------------------------------------------+
; Analysis & Synthesis Source Files Read                                                                                                                ;
+----------------------------------+-----------------+------------------------------+-------------------------------------------------------------------+
; File Name with User-Entered Path ; Used in Netlist ; File Type                    ; File Name with Absolute Path                                      ;
+----------------------------------+-----------------+------------------------------+-------------------------------------------------------------------+
; Helicopter.vhd                   ; yes             ; User VHDL File               ; D:/個人檔案/程式設計/FPGA/直升機小遊戲/Helicopter.vhd             ;
; seg_8x8x2.vhd                    ; yes             ; Auto-Found VHDL File         ; D:/個人檔案/程式設計/FPGA/直升機小遊戲/seg_8x8x2.vhd              ;
; lpm_divide.tdf                   ; yes             ; Megafunction                 ; c:/altera/91sp2/quartus/libraries/megafunctions/lpm_divide.tdf    ;
; db/lpm_divide_lhm.tdf            ; yes             ; Auto-Generated Megafunction  ; D:/個人檔案/程式設計/FPGA/直升機小遊戲/db/lpm_divide_lhm.tdf      ;
; db/sign_div_unsign_mlh.tdf       ; yes             ; Auto-Generated Megafunction  ; D:/個人檔案/程式設計/FPGA/直升機小遊戲/db/sign_div_unsign_mlh.tdf ;
; db/alt_u_div_n5f.tdf             ; yes             ; Auto-Generated Megafunction  ; D:/個人檔案/程式設計/FPGA/直升機小遊戲/db/alt_u_div_n5f.tdf       ;
; db/add_sub_unc.tdf               ; yes             ; Auto-Generated Megafunction  ; D:/個人檔案/程式設計/FPGA/直升機小遊戲/db/add_sub_unc.tdf         ;
; db/add_sub_vnc.tdf               ; yes             ; Auto-Generated Megafunction  ; D:/個人檔案/程式設計/FPGA/直升機小遊戲/db/add_sub_vnc.tdf         ;
+----------------------------------+-----------------+------------------------------+-------------------------------------------------------------------+


+--------------------------------------------------------+
; Analysis & Synthesis Resource Usage Summary            ;
+---------------------------------------------+----------+
; Resource                                    ; Usage    ;
+---------------------------------------------+----------+
; Estimated Total logic elements              ; 789      ;
;                                             ;          ;
; Total combinational functions               ; 789      ;
; Logic element usage by number of LUT inputs ;          ;
;     -- 4 input functions                    ; 192      ;
;     -- 3 input functions                    ; 178      ;
;     -- <=2 input functions                  ; 419      ;
;                                             ;          ;
; Logic elements by mode                      ;          ;
;     -- normal mode                          ; 518      ;
;     -- arithmetic mode                      ; 271      ;
;                                             ;          ;
; Total registers                             ; 254      ;
;     -- Dedicated logic registers            ; 254      ;
;     -- I/O registers                        ; 0        ;
;                                             ;          ;
; I/O pins                                    ; 27       ;
; Maximum fan-out node                        ; SEC_20mS ;
; Maximum fan-out                             ; 189      ;
; Total fan-out                               ; 2868     ;
; Average fan-out                             ; 2.61     ;
+---------------------------------------------+----------+


+---------------------------------------------------------------------------------------------------------------------------------------------------------------------------------------------------------------------------------------------------------------------------------+
; Analysis & Synthesis Resource Utilization by Entity                                                                                                                                                                                                                             ;
+----------------------------------------+-------------------+--------------+-------------+--------------+---------+-----------+------+--------------+-------------------------------------------------------------------------------------------------------------+--------------+
; Compilation Hierarchy Node             ; LC Combinationals ; LC Registers ; Memory Bits ; DSP Elements ; DSP 9x9 ; DSP 18x18 ; Pins ; Virtual Pins ; Full Hierarchy Name                                                                                         ; Library Name ;
+----------------------------------------+-------------------+--------------+-------------+--------------+---------+-----------+------+--------------+-------------------------------------------------------------------------------------------------------------+--------------+
; |Helicopter                            ; 789 (377)         ; 254 (230)    ; 0           ; 0            ; 0       ; 0         ; 27   ; 0            ; |Helicopter                                                                                                 ; work         ;
;    |lpm_divide:Div0|                   ; 368 (0)           ; 0 (0)        ; 0           ; 0            ; 0       ; 0         ; 0    ; 0            ; |Helicopter|lpm_divide:Div0                                                                                 ;              ;
;       |lpm_divide_lhm:auto_generated|  ; 368 (0)           ; 0 (0)        ; 0           ; 0            ; 0       ; 0         ; 0    ; 0            ; |Helicopter|lpm_divide:Div0|lpm_divide_lhm:auto_generated                                                   ;              ;
;          |sign_div_unsign_mlh:divider| ; 368 (0)           ; 0 (0)        ; 0           ; 0            ; 0       ; 0         ; 0    ; 0            ; |Helicopter|lpm_divide:Div0|lpm_divide_lhm:auto_generated|sign_div_unsign_mlh:divider                       ;              ;
;             |alt_u_div_n5f:divider|    ; 368 (368)         ; 0 (0)        ; 0           ; 0            ; 0       ; 0         ; 0    ; 0            ; |Helicopter|lpm_divide:Div0|lpm_divide_lhm:auto_generated|sign_div_unsign_mlh:divider|alt_u_div_n5f:divider ;              ;
;    |seg_8X8X2:u0|                      ; 44 (44)           ; 24 (24)      ; 0           ; 0            ; 0       ; 0         ; 0    ; 0            ; |Helicopter|seg_8X8X2:u0                                                                                    ;              ;
+----------------------------------------+-------------------+--------------+-------------+--------------+---------+-----------+------+--------------+-------------------------------------------------------------------------------------------------------------+--------------+
Note: For table entries with two numbers listed, the numbers in parentheses indicate the number of resources of the given type used by the specific entity alone. The numbers listed outside of parentheses indicate the total resources of the given type used by the specific entity and all of its sub-entities in the hierarchy.


+---------------------------------------------------------------------------------------+
; Registers Removed During Synthesis                                                    ;
+-----------------------------------------+---------------------------------------------+
; Register name                           ; Reason for Removal                          ;
+-----------------------------------------+---------------------------------------------+
; seg_8X8X2:u0|SEGS_R[0]                  ; Merged with seg_8X8X2:u0|SEGS_G[0]          ;
; SWG_G_ram[0][7]                         ; Merged with SWG_G_ram[0][0]                 ;
; SWG_R_ram[7][1]                         ; Merged with SWG_R_ram[0][0]                 ;
; SWG_R_ram[7][2]                         ; Merged with SWG_R_ram[0][0]                 ;
; SWG_R_ram[7][3]                         ; Merged with SWG_R_ram[0][0]                 ;
; SWG_R_ram[3][2]                         ; Merged with SWG_R_ram[0][0]                 ;
; SWG_R_ram[7][5]                         ; Merged with SWG_R_ram[0][0]                 ;
; SWG_R_ram[4][4]                         ; Merged with SWG_R_ram[0][0]                 ;
; SWG_R_ram[4][2]                         ; Merged with SWG_R_ram[0][0]                 ;
; SWG_R_ram[7][7]                         ; Merged with SWG_R_ram[0][0]                 ;
; SWG_R_ram[2][4]                         ; Merged with SWG_R_ram[0][0]                 ;
; SWG_R_ram[5][0]                         ; Merged with SWG_R_ram[0][0]                 ;
; SWG_R_ram[5][2]                         ; Merged with SWG_R_ram[0][0]                 ;
; SWG_R_ram[3][0]                         ; Merged with SWG_R_ram[0][0]                 ;
; SWG_R_ram[5][6]                         ; Merged with SWG_R_ram[0][0]                 ;
; SWG_R_ram[2][6]                         ; Merged with SWG_R_ram[0][0]                 ;
; SWG_R_ram[0][2]                         ; Merged with SWG_R_ram[0][0]                 ;
; SWG_R_ram[0][4]                         ; Merged with SWG_R_ram[0][0]                 ;
; SWG_R_ram[0][6]                         ; Merged with SWG_R_ram[0][0]                 ;
; SWG_R_ram[1][0]                         ; Merged with SWG_R_ram[0][0]                 ;
; SWG_R_ram[1][4]                         ; Merged with SWG_R_ram[0][0]                 ;
; SWG_R_ram[1][6]                         ; Merged with SWG_R_ram[0][0]                 ;
; SWG_R_ram[2][0]                         ; Merged with SWG_R_ram[0][0]                 ;
; SWG_R_ram[2][2]                         ; Merged with SWG_R_ram[0][0]                 ;
; SWG_R_ram[7][4]                         ; Merged with SWG_R_ram[0][1]                 ;
; SWG_R_ram[7][6]                         ; Merged with SWG_R_ram[0][1]                 ;
; SWG_R_ram[3][6]                         ; Merged with SWG_R_ram[0][1]                 ;
; SWG_R_ram[4][0]                         ; Merged with SWG_R_ram[0][1]                 ;
; SWG_R_ram[0][3]                         ; Merged with SWG_R_ram[0][1]                 ;
; SWG_R_ram[0][7]                         ; Merged with SWG_R_ram[0][1]                 ;
; SWG_R_ram[1][2]                         ; Merged with SWG_R_ram[0][1]                 ;
; SWG_R_ram[1][3]                         ; Merged with SWG_R_ram[0][1]                 ;
; SWG_R_ram[1][7]                         ; Merged with SWG_R_ram[0][1]                 ;
; SWG_R_ram[2][3]                         ; Merged with SWG_R_ram[0][1]                 ;
; SWG_R_ram[3][4]                         ; Merged with SWG_R_ram[0][1]                 ;
; SWG_R_ram[4][6]                         ; Merged with SWG_R_ram[0][1]                 ;
; SWG_R_ram[5][4]                         ; Merged with SWG_R_ram[0][1]                 ;
; SWG_R_ram[0][5]                         ; Merged with SWG_R_ram[0][1]                 ;
; SWG_R_ram[1][1]                         ; Merged with SWG_R_ram[0][1]                 ;
; SWG_R_ram[1][5]                         ; Merged with SWG_R_ram[0][1]                 ;
; SWG_R_ram[2][1]                         ; Merged with SWG_R_ram[0][1]                 ;
; SWG_R_ram[2][5]                         ; Merged with SWG_R_ram[0][1]                 ;
; SWG_R_ram[2][7]                         ; Merged with SWG_R_ram[0][1]                 ;
; SWG_R_ram[3][1]                         ; Merged with SWG_R_ram[0][1]                 ;
; SWG_R_ram[3][3]                         ; Merged with SWG_R_ram[0][1]                 ;
; SWG_R_ram[3][5]                         ; Merged with SWG_R_ram[0][1]                 ;
; SWG_R_ram[3][7]                         ; Merged with SWG_R_ram[0][1]                 ;
; SWG_R_ram[4][1]                         ; Merged with SWG_R_ram[0][1]                 ;
; SWG_R_ram[4][3]                         ; Merged with SWG_R_ram[0][1]                 ;
; SWG_R_ram[4][5]                         ; Merged with SWG_R_ram[0][1]                 ;
; SWG_R_ram[4][7]                         ; Merged with SWG_R_ram[0][1]                 ;
; SWG_R_ram[5][1]                         ; Merged with SWG_R_ram[0][1]                 ;
; SWG_R_ram[5][3]                         ; Merged with SWG_R_ram[0][1]                 ;
; SWG_R_ram[5][5]                         ; Merged with SWG_R_ram[0][1]                 ;
; SWG_R_ram[5][7]                         ; Merged with SWG_R_ram[0][1]                 ;
; SWG_R_ram[7][0]                         ; Merged with SWG_R_ram[0][1]                 ;
; SWG_G_ram[1][7]                         ; Merged with SWG_G_ram[1][0]                 ;
; SWG_R_ram[0][1]                         ; Merged with SWG_R_ram[0][0]                 ;
; SWG_G_ram[2][7]                         ; Merged with SWG_G_ram[2][0]                 ;
; SWG_G_ram[3][7]                         ; Merged with SWG_G_ram[3][0]                 ;
; SWG_G_ram[4][7]                         ; Merged with SWG_G_ram[4][0]                 ;
; SWG_G_ram[5][7]                         ; Merged with SWG_G_ram[5][0]                 ;
; SWG_G_ram[6][7]                         ; Merged with SWG_G_ram[6][0]                 ;
; SWG_G_ram[7][7]                         ; Merged with SWG_G_ram[7][0]                 ;
; SWG_R_ram[0][0]                         ; Stuck at GND due to stuck port data_in      ;
; SWG_G_ram[0][0]                         ; Stuck at VCC due to stuck port data_in      ;
; SWG_G_ram[0][3]                         ; Stuck at GND due to stuck port data_in      ;
; SWG_G_ram[1][0]                         ; Stuck at VCC due to stuck port data_in      ;
; SWG_G_ram[1][3]                         ; Stuck at GND due to stuck port data_in      ;
; SWG_G_ram[2][0]                         ; Stuck at VCC due to stuck port data_in      ;
; SWG_G_ram[2][3]                         ; Stuck at GND due to stuck port data_in      ;
; SWG_G_ram[3][0]                         ; Stuck at VCC due to stuck port data_in      ;
; SWG_G_ram[3][3]                         ; Stuck at GND due to stuck port data_in      ;
; SWG_G_ram[4][0]                         ; Stuck at VCC due to stuck port data_in      ;
; SWG_G_ram[4][3]                         ; Stuck at GND due to stuck port data_in      ;
; SWG_G_ram[5][0]                         ; Stuck at VCC due to stuck port data_in      ;
; SWG_G_ram[5][3]                         ; Stuck at GND due to stuck port data_in      ;
; SWG_G_ram[6][0]                         ; Stuck at VCC due to stuck port data_in      ;
; SWG_G_ram[6][3]                         ; Stuck at GND due to stuck port data_in      ;
; SWG_G_ram[7][0]                         ; Stuck at VCC due to stuck port data_in      ;
; SWG_G_ram[7][3]                         ; Stuck at GND due to stuck port data_in      ;
; CHACK[1]                                ; Stuck at GND due to stuck port data_in      ;
; HeliS[2]                                ; Stuck at GND due to stuck port clock_enable ;
; seg_8X8X2:u0|SEGG[3]                    ; Stuck at GND due to stuck port data_in      ;
; seg_8X8X2:u0|SEGG[0,7]                  ; Stuck at VCC due to stuck port data_in      ;
; CHACK[2]                                ; Stuck at GND due to stuck port data_in      ;
; SEC_20mS_CONT[0]                        ; Merged with CLKCONT[0]                      ;
; CLKCONT[16..25]                         ; Lost fanout                                 ;
; seg_8X8X2:u0|SEGS_G[1]                  ; Merged with seg_8X8X2:u0|SEGS_R[1]          ;
; seg_8X8X2:u0|SEGS_G[2]                  ; Merged with seg_8X8X2:u0|SEGS_R[2]          ;
; Total Number of Removed Registers = 100 ;                                             ;
+-----------------------------------------+---------------------------------------------+


+------------------------------------------------------------------------------------------------------------------------------------+
; Removed Registers Triggering Further Register Optimizations                                                                        ;
+-----------------+---------------------------+--------------------------------------------------------------------------------------+
; Register name   ; Reason for Removal        ; Registers Removed due to This Register                                               ;
+-----------------+---------------------------+--------------------------------------------------------------------------------------+
; SWG_G_ram[0][3] ; Stuck at GND              ; SWG_G_ram[1][3], SWG_G_ram[2][3], SWG_G_ram[3][3], SWG_G_ram[4][3], SWG_G_ram[5][3], ;
;                 ; due to stuck port data_in ; SWG_G_ram[6][3], SWG_G_ram[7][3]                                                     ;
; SWG_G_ram[0][0] ; Stuck at VCC              ; seg_8X8X2:u0|SEGG[0], seg_8X8X2:u0|SEGG[7]                                           ;
;                 ; due to stuck port data_in ;                                                                                      ;
+-----------------+---------------------------+--------------------------------------------------------------------------------------+


+------------------------------------------------------+
; General Register Statistics                          ;
+----------------------------------------------+-------+
; Statistic                                    ; Value ;
+----------------------------------------------+-------+
; Total registers                              ; 254   ;
; Number of registers using Synchronous Clear  ; 77    ;
; Number of registers using Synchronous Load   ; 8     ;
; Number of registers using Asynchronous Clear ; 0     ;
; Number of registers using Asynchronous Load  ; 0     ;
; Number of registers using Clock Enable       ; 177   ;
; Number of registers using Preset             ; 0     ;
+----------------------------------------------+-------+


+------------------------------------------------------------------------------------------------------------------------------------------------+
; Multiplexer Restructuring Statistics (Restructuring Performed)                                                                                 ;
+--------------------+-----------+---------------+----------------------+------------------------+------------+----------------------------------+
; Multiplexer Inputs ; Bus Width ; Baseline Area ; Area if Restructured ; Saving if Restructured ; Registered ; Example Multiplexer Output       ;
+--------------------+-----------+---------------+----------------------+------------------------+------------+----------------------------------+
; 8:1                ; 6 bits    ; 30 LEs        ; 30 LEs               ; 0 LEs                  ; Yes        ; |Helicopter|seg_8X8X2:u0|SEGG[1] ;
; 4:1                ; 26 bits   ; 52 LEs        ; 26 LEs               ; 26 LEs                 ; Yes        ; |Helicopter|SEC_3S_CONT[1]       ;
; 4:1                ; 26 bits   ; 52 LEs        ; 26 LEs               ; 26 LEs                 ; Yes        ; |Helicopter|SEC_FLASH_CONT[1]    ;
; 5:1                ; 3 bits    ; 9 LEs         ; 3 LEs                ; 6 LEs                  ; Yes        ; |Helicopter|FLASH[1]             ;
; 5:1                ; 26 bits   ; 78 LEs        ; 26 LEs               ; 52 LEs                 ; Yes        ; |Helicopter|CONT_BACK[2]         ;
; 10:1               ; 2 bits    ; 12 LEs        ; 0 LEs                ; 12 LEs                 ; Yes        ; |Helicopter|SWG_G_ram[0][3]      ;
; 10:1               ; 51 bits   ; 306 LEs       ; 51 LEs               ; 255 LEs                ; Yes        ; |Helicopter|SWG_G_ram[7][0]      ;
; 11:1               ; 26 bits   ; 182 LEs       ; 26 LEs               ; 156 LEs                ; Yes        ; |Helicopter|BACKGROUND_SEC[24]   ;
; 7:1                ; 26 bits   ; 104 LEs       ; 26 LEs               ; 78 LEs                 ; Yes        ; |Helicopter|SEC_DOWM_CONT[17]    ;
; 12:1               ; 3 bits    ; 24 LEs        ; 3 LEs                ; 21 LEs                 ; Yes        ; |Helicopter|FIND_I[0]            ;
; 17:1               ; 3 bits    ; 33 LEs        ; 18 LEs               ; 15 LEs                 ; Yes        ; |Helicopter|SWG_G_ram[0][6]      ;
; 19:1               ; 3 bits    ; 36 LEs        ; 15 LEs               ; 21 LEs                 ; Yes        ; |Helicopter|HeliS[0]             ;
; 20:1               ; 3 bits    ; 39 LEs        ; 15 LEs               ; 24 LEs                 ; Yes        ; |Helicopter|CHACK[2]             ;
+--------------------+-----------+---------------+----------------------+------------------------+------------+----------------------------------+


+------------------------------------------------------------------+
; Parameter Settings for Inferred Entity Instance: lpm_divide:Div0 ;
+------------------------+----------------+------------------------+
; Parameter Name         ; Value          ; Type                   ;
+------------------------+----------------+------------------------+
; LPM_WIDTHN             ; 30             ; Untyped                ;
; LPM_WIDTHD             ; 4              ; Untyped                ;
; LPM_NREPRESENTATION    ; UNSIGNED       ; Untyped                ;
; LPM_DREPRESENTATION    ; UNSIGNED       ; Untyped                ;
; LPM_PIPELINE           ; 0              ; Untyped                ;
; LPM_REMAINDERPOSITIVE  ; TRUE           ; Untyped                ;
; MAXIMIZE_SPEED         ; 5              ; Untyped                ;
; CBXI_PARAMETER         ; lpm_divide_lhm ; Untyped                ;
; CARRY_CHAIN            ; MANUAL         ; Untyped                ;
; OPTIMIZE_FOR_SPEED     ; 5              ; Untyped                ;
; AUTO_CARRY_CHAINS      ; ON             ; AUTO_CARRY             ;
; IGNORE_CARRY_BUFFERS   ; OFF            ; IGNORE_CARRY           ;
; AUTO_CASCADE_CHAINS    ; ON             ; AUTO_CASCADE           ;
; IGNORE_CASCADE_BUFFERS ; OFF            ; IGNORE_CASCADE         ;
+------------------------+----------------+------------------------+
Note: In order to hide this table in the UI and the text report file, please set the "Show Parameter Settings Tables in Synthesis Report" option in "Analysis and Synthesis Settings -> More Settings" to "Off".


+-------------------------------+
; Analysis & Synthesis Messages ;
+-------------------------------+
Info: *******************************************************************
Info: Running Quartus II Analysis & Synthesis
    Info: Version 9.1 Build 350 03/24/2010 Service Pack 2 SJ Web Edition
    Info: Processing started: Fri Jul 14 16:59:49 2017
Info: Command: quartus_map --read_settings_files=on --write_settings_files=off Helicopter -c Helicopter
Info: Found 2 design units, including 1 entities, in source file helicopter.vhd
    Info: Found design unit 1: Helicopter-A
    Info: Found entity 1: Helicopter
Info: Elaborating entity "Helicopter" for the top level hierarchy
Warning (10492): VHDL Process Statement warning at Helicopter.vhd(53): signal "CLKCONT" is read inside the Process Statement but isn't in the Process Statement's sensitivity list
Warning (10492): VHDL Process Statement warning at Helicopter.vhd(62): signal "SEC_20mS" is read inside the Process Statement but isn't in the Process Statement's sensitivity list
Warning (10492): VHDL Process Statement warning at Helicopter.vhd(149): signal "SWG_R_ram" is read inside the Process Statement but isn't in the Process Statement's sensitivity list
Warning (10492): VHDL Process Statement warning at Helicopter.vhd(150): signal "SWG_R_ram" is read inside the Process Statement but isn't in the Process Statement's sensitivity list
Warning (10492): VHDL Process Statement warning at Helicopter.vhd(151): signal "SWG_G_ram" is read inside the Process Statement but isn't in the Process Statement's sensitivity list
Warning (10492): VHDL Process Statement warning at Helicopter.vhd(152): signal "SWG_G_ram" is read inside the Process Statement but isn't in the Process Statement's sensitivity list
Warning: Using design file seg_8x8x2.vhd, which is not specified as a design file for the current project, but contains definitions for 2 design units and 1 entities in project
    Info: Found design unit 1: seg_8X8X2-A
    Info: Found entity 1: seg_8X8X2
Info: Elaborating entity "seg_8X8X2" for hierarchy "seg_8X8X2:u0"
Info: Inferred 1 megafunctions from design logic
    Info: Inferred divider/modulo megafunction ("lpm_divide") from the following logic: "Div0"
Info: Elaborated megafunction instantiation "lpm_divide:Div0"
Info: Instantiated megafunction "lpm_divide:Div0" with the following parameter:
    Info: Parameter "LPM_WIDTHN" = "30"
    Info: Parameter "LPM_WIDTHD" = "4"
    Info: Parameter "LPM_NREPRESENTATION" = "UNSIGNED"
    Info: Parameter "LPM_DREPRESENTATION" = "UNSIGNED"
Info: Found 1 design units, including 1 entities, in source file db/lpm_divide_lhm.tdf
    Info: Found entity 1: lpm_divide_lhm
Info: Found 1 design units, including 1 entities, in source file db/sign_div_unsign_mlh.tdf
    Info: Found entity 1: sign_div_unsign_mlh
Info: Found 1 design units, including 1 entities, in source file db/alt_u_div_n5f.tdf
    Info: Found entity 1: alt_u_div_n5f
Info: Found 1 design units, including 1 entities, in source file db/add_sub_unc.tdf
    Info: Found entity 1: add_sub_unc
Info: Found 1 design units, including 1 entities, in source file db/add_sub_vnc.tdf
    Info: Found entity 1: add_sub_vnc
Warning: Output pins are stuck at VCC or GND
    Warning (13410): Pin "SEGG[0]" is stuck at VCC
    Warning (13410): Pin "SEGG[3]" is stuck at GND
    Warning (13410): Pin "SEGG[7]" is stuck at VCC
Info: Timing-Driven Synthesis is running
Info: 10 registers lost all their fanouts during netlist optimizations. The first 10 are displayed below.
    Info: Register "CLKCONT[16]" lost all its fanouts during netlist optimizations.
    Info: Register "CLKCONT[17]" lost all its fanouts during netlist optimizations.
    Info: Register "CLKCONT[18]" lost all its fanouts during netlist optimizations.
    Info: Register "CLKCONT[19]" lost all its fanouts during netlist optimizations.
    Info: Register "CLKCONT[20]" lost all its fanouts during netlist optimizations.
    Info: Register "CLKCONT[21]" lost all its fanouts during netlist optimizations.
    Info: Register "CLKCONT[22]" lost all its fanouts during netlist optimizations.
    Info: Register "CLKCONT[23]" lost all its fanouts during netlist optimizations.
    Info: Register "CLKCONT[24]" lost all its fanouts during netlist optimizations.
    Info: Register "CLKCONT[25]" lost all its fanouts during netlist optimizations.
Warning: Design contains 1 input pin(s) that do not drive logic
    Warning (15610): No output dependent on input pin "RESET"
Info: Implemented 816 device resources after synthesis - the final resource count might be different
    Info: Implemented 3 input pins
    Info: Implemented 24 output pins
    Info: Implemented 789 logic cells
Info: Quartus II Analysis & Synthesis was successful. 0 errors, 13 warnings
    Info: Peak virtual memory: 269 megabytes
    Info: Processing ended: Fri Jul 14 16:59:52 2017
    Info: Elapsed time: 00:00:03
    Info: Total CPU time (on all processors): 00:00:03


