Flow report for SD178A
Thu Oct 20 14:11:03 2016
Quartus II Version 9.1 Build 350 03/24/2010 Service Pack 2 SJ Web Edition


---------------------
; Table of Contents ;
---------------------
  1. Legal Notice
  2. Flow Summary
  3. Flow Settings
  4. Flow Non-Default Global Settings
  5. Flow Elapsed Time
  6. Flow OS Summary
  7. Flow Log



----------------
; Legal Notice ;
----------------
Copyright (C) 1991-2010 Altera Corporation
Your use of Altera Corporation's design tools, logic functions 
and other software and tools, and its AMPP partner logic 
functions, and any output files from any of the foregoing 
(including device programming or simulation files), and any 
associated documentation or information are expressly subject 
to the terms and conditions of the Altera Program License 
Subscription Agreement, Altera MegaCore Function License 
Agreement, or other applicable license agreement, including, 
without limitation, that your use is for the sole purpose of 
programming logic devices manufactured by Altera and sold by 
Altera or its authorized distributors.  Please refer to the 
applicable agreement for further details.



+-----------------------------------------------------------------------------------+
; Flow Summary                                                                      ;
+------------------------------------+----------------------------------------------+
; Flow Status                        ; Successful - Thu Oct 20 14:11:02 2016        ;
; Quartus II Version                 ; 9.1 Build 350 03/24/2010 SP 2 SJ Web Edition ;
; Revision Name                      ; SD178A                                       ;
; Top-level Entity Name              ; SD178A                                       ;
; Family                             ; Cyclone III                                  ;
; Device                             ; EP3C16Q240C8                                 ;
; Timing Models                      ; Final                                        ;
; Met timing requirements            ; N/A                                          ;
; Total logic elements               ; 100 / 15,408 ( < 1 % )                       ;
;     Total combinational functions  ; 99 / 15,408 ( < 1 % )                        ;
;     Dedicated logic registers      ; 52 / 15,408 ( < 1 % )                        ;
; Total registers                    ; 52                                           ;
; Total pins                         ; 6 / 161 ( 4 % )                              ;
; Total virtual pins                 ; 0                                            ;
; Total memory bits                  ; 0 / 516,096 ( 0 % )                          ;
; Embedded Multiplier 9-bit elements ; 0 / 112 ( 0 % )                              ;
; Total PLLs                         ; 0 / 4 ( 0 % )                                ;
+------------------------------------+----------------------------------------------+


+-----------------------------------------+
; Flow Settings                           ;
+-------------------+---------------------+
; Option            ; Setting             ;
+-------------------+---------------------+
; Start date & time ; 10/20/2016 14:10:54 ;
; Main task         ; Compilation         ;
; Revision Name     ; SD178A              ;
+-------------------+---------------------+


+--------------------------------------------------------------------------------------------------------------------------------------+
; Flow Non-Default Global Settings                                                                                                     ;
+------------------------------------+--------------------------------------------------+---------------+-------------+----------------+
; Assignment Name                    ; Value                                            ; Default Value ; Entity Name ; Section Id     ;
+------------------------------------+--------------------------------------------------+---------------+-------------+----------------+
; COMPILER_SIGNATURE_ID              ; 742358416925.147694385401496                     ; --            ; --          ; --             ;
; MAX_CORE_JUNCTION_TEMP             ; 85                                               ; --            ; --          ; --             ;
; MIN_CORE_JUNCTION_TEMP             ; 0                                                ; --            ; --          ; --             ;
; MISC_FILE                          ; D:/105年選手日誌/語音IC/SD178A/SD178A.dpf        ; --            ; --          ; --             ;
; MISC_FILE                          ; D:/105年選手日誌/語音IC/SD178A - 單次/SD178A.dpf ; --            ; --          ; --             ;
; NOMINAL_CORE_SUPPLY_VOLTAGE        ; 1.2V                                             ; --            ; --          ; --             ;
; PARTITION_COLOR                    ; 16764057                                         ; --            ; --          ; Top            ;
; PARTITION_NETLIST_TYPE             ; SOURCE                                           ; --            ; --          ; Top            ;
; USE_GENERATED_PHYSICAL_CONSTRAINTS ; Off                                              ; --            ; --          ; eda_blast_fpga ;
+------------------------------------+--------------------------------------------------+---------------+-------------+----------------+


+-------------------------------------------------------------------------------------------------------------------------------+
; Flow Elapsed Time                                                                                                             ;
+---------------------------+--------------+-------------------------+---------------------+------------------------------------+
; Module Name               ; Elapsed Time ; Average Processors Used ; Peak Virtual Memory ; Total CPU Time (on all processors) ;
+---------------------------+--------------+-------------------------+---------------------+------------------------------------+
; Analysis & Synthesis      ; 00:00:01     ; 1.0                     ; 231 MB              ; 00:00:01                           ;
; Fitter                    ; 00:00:03     ; 1.0                     ; 253 MB              ; 00:00:03                           ;
; TimeQuest Timing Analyzer ; 00:00:02     ; 1.0                     ; 221 MB              ; 00:00:01                           ;
; Assembler                 ; 00:00:01     ; 1.0                     ; 214 MB              ; 00:00:01                           ;
; Total                     ; 00:00:06     ; --                      ; --                  ; 00:00:05                           ;
+---------------------------+--------------+-------------------------+---------------------+------------------------------------+


+--------------------------------------------------------------------------------------------+
; Flow OS Summary                                                                            ;
+---------------------------+------------------+---------------+------------+----------------+
; Module Name               ; Machine Hostname ; OS Name       ; OS Version ; Processor type ;
+---------------------------+------------------+---------------+------------+----------------+
; Analysis & Synthesis      ; 工業電子         ; Windows Vista ; 6.1        ; x86_64         ;
; Fitter                    ; 工業電子         ; Windows Vista ; 6.1        ; x86_64         ;
; Assembler                 ; 工業電子         ; Windows Vista ; 6.1        ; x86_64         ;
; TimeQuest Timing Analyzer ; 工業電子         ; Windows Vista ; 6.1        ; x86_64         ;
+---------------------------+------------------+---------------+------------+----------------+


------------
; Flow Log ;
------------
quartus_map --read_settings_files=on --write_settings_files=off SD178A -c SD178A
quartus_fit --read_settings_files=off --write_settings_files=off SD178A -c SD178A
quartus_asm --read_settings_files=off --write_settings_files=off SD178A -c SD178A
quartus_sta SD178A -c SD178A



