Flow report for set_clock_light
Sat Apr 23 23:40:50 2016
Quartus II Version 9.1 Build 350 03/24/2010 Service Pack 2 SJ Web Edition


---------------------
; Table of Contents ;
---------------------
  1. Legal Notice
  2. Flow Summary
  3. Flow Settings
  4. Flow Non-Default Global Settings
  5. Flow Elapsed Time
  6. Flow OS Summary
  7. Flow Log



----------------
; Legal Notice ;
----------------
Copyright (C) 1991-2010 Altera Corporation
Your use of Altera Corporation's design tools, logic functions 
and other software and tools, and its AMPP partner logic 
functions, and any output files from any of the foregoing 
(including device programming or simulation files), and any 
associated documentation or information are expressly subject 
to the terms and conditions of the Altera Program License 
Subscription Agreement, Altera MegaCore Function License 
Agreement, or other applicable license agreement, including, 
without limitation, that your use is for the sole purpose of 
programming logic devices manufactured by Altera and sold by 
Altera or its authorized distributors.  Please refer to the 
applicable agreement for further details.



+-----------------------------------------------------------------------------------+
; Flow Summary                                                                      ;
+------------------------------------+----------------------------------------------+
; Flow Status                        ; Successful - Sat Apr 23 23:40:45 2016        ;
; Quartus II Version                 ; 9.1 Build 350 03/24/2010 SP 2 SJ Web Edition ;
; Revision Name                      ; set_clock_light                              ;
; Top-level Entity Name              ; set_clock_light                              ;
; Family                             ; Cyclone III                                  ;
; Device                             ; EP3C16Q240C8                                 ;
; Timing Models                      ; Final                                        ;
; Met timing requirements            ; N/A                                          ;
; Total logic elements               ; 257 / 15,408 ( 2 % )                         ;
;     Total combinational functions  ; 242 / 15,408 ( 2 % )                         ;
;     Dedicated logic registers      ; 156 / 15,408 ( 1 % )                         ;
; Total registers                    ; 156                                          ;
; Total pins                         ; 16 / 161 ( 10 % )                            ;
; Total virtual pins                 ; 0                                            ;
; Total memory bits                  ; 0 / 516,096 ( 0 % )                          ;
; Embedded Multiplier 9-bit elements ; 0 / 112 ( 0 % )                              ;
; Total PLLs                         ; 0 / 4 ( 0 % )                                ;
+------------------------------------+----------------------------------------------+


+-----------------------------------------+
; Flow Settings                           ;
+-------------------+---------------------+
; Option            ; Setting             ;
+-------------------+---------------------+
; Start date & time ; 04/23/2016 23:40:32 ;
; Main task         ; Compilation         ;
; Revision Name     ; set_clock_light     ;
+-------------------+---------------------+


+--------------------------------------------------------------------------------------------------------------------------------------------------------+
; Flow Non-Default Global Settings                                                                                                                       ;
+-------------------------------------+-------------------------------------------------------------------+---------------+-------------+----------------+
; Assignment Name                     ; Value                                                             ; Default Value ; Entity Name ; Section Id     ;
+-------------------------------------+-------------------------------------------------------------------+---------------+-------------+----------------+
; COMPILER_SIGNATURE_ID               ; 277807419126491.146142603206396                                   ; --            ; --          ; --             ;
; MAX_CORE_JUNCTION_TEMP              ; 85                                                                ; --            ; --          ; --             ;
; MIN_CORE_JUNCTION_TEMP              ; 0                                                                 ; --            ; --          ; --             ;
; MISC_FILE                           ; E:/VHDL_S/school/button_4X4/set_clock_light/set_clock_light.dpf   ; --            ; --          ; --             ;
; MISC_FILE                           ; H:/VHDL_S/school/button_4X4/set_clock_light/set_clock_light.dpf   ; --            ; --          ; --             ;
; MISC_FILE                           ; H:/VHDL_S/school/鍵盤掃描/設定時鐘的值/set_clock_light.dpf        ; --            ; --          ; --             ;
; MISC_FILE                           ; H:/VHDL_S/school/鍵盤掃描/設定時鐘的值-二位數/set_clock_light.dpf ; --            ; --          ; --             ;
; MISC_FILE                           ; H:/VHDL_S/school/時鐘/設定時鐘的值-二位數/set_clock_light.dpf     ; --            ; --          ; --             ;
; NOMINAL_CORE_SUPPLY_VOLTAGE         ; 1.2V                                                              ; --            ; --          ; --             ;
; PARTITION_COLOR                     ; 16764057                                                          ; --            ; --          ; Top            ;
; PARTITION_FITTER_PRESERVATION_LEVEL ; PLACEMENT_AND_ROUTING                                             ; --            ; --          ; Top            ;
; PARTITION_NETLIST_TYPE              ; SOURCE                                                            ; --            ; --          ; Top            ;
; USE_GENERATED_PHYSICAL_CONSTRAINTS  ; Off                                                               ; --            ; --          ; eda_blast_fpga ;
+-------------------------------------+-------------------------------------------------------------------+---------------+-------------+----------------+


+-------------------------------------------------------------------------------------------------------------------------------+
; Flow Elapsed Time                                                                                                             ;
+---------------------------+--------------+-------------------------+---------------------+------------------------------------+
; Module Name               ; Elapsed Time ; Average Processors Used ; Peak Virtual Memory ; Total CPU Time (on all processors) ;
+---------------------------+--------------+-------------------------+---------------------+------------------------------------+
; Analysis & Synthesis      ; 00:00:03     ; 1.0                     ; 263 MB              ; 00:00:02                           ;
; Fitter                    ; 00:00:05     ; 1.0                     ; 311 MB              ; 00:00:04                           ;
; TimeQuest Timing Analyzer ; 00:00:07     ; 1.0                     ; 278 MB              ; 00:00:02                           ;
; Assembler                 ; 00:00:02     ; 1.0                     ; 251 MB              ; 00:00:01                           ;
; Total                     ; 00:00:15     ; --                      ; --                  ; 00:00:08                           ;
+---------------------------+--------------+-------------------------+---------------------+------------------------------------+


+--------------------------------------------------------------------------------------------+
; Flow OS Summary                                                                            ;
+---------------------------+------------------+---------------+------------+----------------+
; Module Name               ; Machine Hostname ; OS Name       ; OS Version ; Processor type ;
+---------------------------+------------------+---------------+------------+----------------+
; Analysis & Synthesis      ; BOSS-1504031214  ; Windows Vista ; 6.2        ; x86_64         ;
; Fitter                    ; BOSS-1504031214  ; Windows Vista ; 6.2        ; x86_64         ;
; Assembler                 ; BOSS-1504031214  ; Windows Vista ; 6.2        ; x86_64         ;
; TimeQuest Timing Analyzer ; BOSS-1504031214  ; Windows Vista ; 6.2        ; x86_64         ;
+---------------------------+------------------+---------------+------------+----------------+


------------
; Flow Log ;
------------
quartus_map --read_settings_files=on --write_settings_files=off set_clock_light -c set_clock_light
quartus_fit --read_settings_files=off --write_settings_files=off set_clock_light -c set_clock_light
quartus_asm --read_settings_files=off --write_settings_files=off set_clock_light -c set_clock_light
quartus_sta set_clock_light -c set_clock_light



